2025-11-15 11:33:27 [background-preinit] INFO  o.h.validator.internal.util.Version - HV000001: Hibernate Validator 8.0.3.Final
2025-11-15 11:33:27 [main] INFO  c.t.tricol.TricolApplicationTests - Starting TricolApplicationTests using Java 21.0.9 with PID 337471 (started by hamza in /home/hamza/Downloads/tricol)
2025-11-15 11:33:27 [main] DEBUG c.t.tricol.TricolApplicationTests - Running with Spring Boot v3.5.7, Spring v6.2.12
2025-11-15 11:33:27 [main] INFO  c.t.tricol.TricolApplicationTests - No active profile set, falling back to 1 default profile: "default"
2025-11-15 11:33:28 [main] INFO  o.s.d.r.c.RepositoryConfigurationDelegate - Bootstrapping Spring Data JPA repositories in DEFAULT mode.
2025-11-15 11:33:28 [main] INFO  o.s.d.r.c.RepositoryConfigurationDelegate - Finished Spring Data repository scanning in 50 ms. Found 5 JPA repository interfaces.
2025-11-15 11:33:28 [main] INFO  o.testcontainers.images.PullPolicy - Image pull policy will be performed by: DefaultPullPolicy()
2025-11-15 11:33:28 [main] INFO  o.t.utility.ImageNameSubstitutor - Image name substitution will be performed by: DefaultImageNameSubstitutor (composite of 'ConfigurationFileImageNameSubstitutor' and 'PrefixingImageNameSubstitutor')
2025-11-15 11:33:28 [main] INFO  o.testcontainers.DockerClientFactory - Testcontainers version: 1.21.3
2025-11-15 11:33:28 [main] INFO  o.t.d.DockerClientProviderStrategy - Loaded org.testcontainers.dockerclient.UnixSocketClientProviderStrategy from ~/.testcontainers.properties, will try it first
2025-11-15 11:33:28 [main] INFO  o.t.d.DockerClientProviderStrategy - Found Docker environment with local Unix socket (unix:///var/run/docker.sock)
2025-11-15 11:33:28 [main] INFO  o.testcontainers.DockerClientFactory - Docker host IP address is localhost
2025-11-15 11:33:28 [main] INFO  o.testcontainers.DockerClientFactory - Connected to docker: 
  Server Version: 28.5.2
  API Version: 1.51
  Operating System: Debian GNU/Linux 13 (trixie)
  Total Memory: 15401 MB
2025-11-15 11:33:28 [main] INFO  tc.testcontainers/ryuk:0.12.0 - Creating container for image: testcontainers/ryuk:0.12.0
2025-11-15 11:33:28 [main] INFO  o.t.utility.RegistryAuthLocator - Failure when attempting to lookup auth config. Please ignore if you don't have images in an authenticated registry. Details: (dockerImageName: testcontainers/ryuk:0.12.0, configFile: /home/hamza/.docker/config.json, configEnv: DOCKER_AUTH_CONFIG). Falling back to docker-java default behaviour. Exception message: Status 404: No config supplied. Checked in order: /home/hamza/.docker/config.json (file not found), DOCKER_AUTH_CONFIG (not set)
2025-11-15 11:33:28 [main] INFO  tc.testcontainers/ryuk:0.12.0 - Container testcontainers/ryuk:0.12.0 is starting: fa8d6a43a65f7f62810e435d0dea86c3874c67aab64602e91bb19d1dfc83343c
2025-11-15 11:33:29 [main] INFO  tc.testcontainers/ryuk:0.12.0 - Container testcontainers/ryuk:0.12.0 started in PT0.440119029S
2025-11-15 11:33:29 [main] INFO  o.t.utility.RyukResourceReaper - Ryuk started - will monitor and terminate Testcontainers containers on JVM exit
2025-11-15 11:33:29 [main] INFO  o.testcontainers.DockerClientFactory - Checking the system...
2025-11-15 11:33:29 [main] INFO  o.testcontainers.DockerClientFactory - ✔︎ Docker server version should be at least 1.6.0
2025-11-15 11:33:29 [main] INFO  tc.postgres:latest - Creating container for image: postgres:latest
2025-11-15 11:33:29 [main] INFO  tc.postgres:latest - Container postgres:latest is starting: 14708315132c5224499da030061092ba41cff430a935d84796595e4f440ff1d4
2025-11-15 11:33:30 [main] INFO  tc.postgres:latest - Container postgres:latest started in PT0.933245859S
2025-11-15 11:33:30 [main] INFO  tc.postgres:latest - Container is started (JDBC URL: jdbc:postgresql://localhost:32809/test?loggerLevel=OFF)
2025-11-15 11:33:30 [main] INFO  o.h.jpa.internal.util.LogHelper - HHH000204: Processing PersistenceUnitInfo [name: default]
2025-11-15 11:33:30 [main] INFO  org.hibernate.Version - HHH000412: Hibernate ORM core version 6.6.33.Final
2025-11-15 11:33:30 [main] INFO  o.h.c.i.RegionFactoryInitiator - HHH000026: Second-level cache disabled
2025-11-15 11:33:30 [main] INFO  o.s.o.j.p.SpringPersistenceUnitInfo - No LoadTimeWeaver setup: ignoring JPA class transformer
2025-11-15 11:33:30 [main] INFO  com.zaxxer.hikari.HikariDataSource - HikariPool-1 - Starting...
2025-11-15 11:33:30 [main] INFO  com.zaxxer.hikari.pool.HikariPool - HikariPool-1 - Added connection org.postgresql.jdbc.PgConnection@6c1a63f7
2025-11-15 11:33:30 [main] INFO  com.zaxxer.hikari.HikariDataSource - HikariPool-1 - Start completed.
2025-11-15 11:33:30 [main] WARN  org.hibernate.orm.deprecation - HHH90000025: PostgreSQLDialect does not need to be specified explicitly using 'hibernate.dialect' (remove the property setting and it will be selected by default)
2025-11-15 11:33:30 [main] INFO  o.hibernate.orm.connections.pooling - HHH10001005: Database info:
	Database JDBC URL [Connecting through datasource 'HikariDataSource (HikariPool-1)']
	Database driver: undefined/unknown
	Database version: 18.0
	Autocommit mode: undefined/unknown
	Isolation level: undefined/unknown
	Minimum pool size: undefined/unknown
	Maximum pool size: undefined/unknown
2025-11-15 11:33:31 [main] INFO  o.h.e.t.j.p.i.JtaPlatformInitiator - HHH000489: No JTA platform available (set 'hibernate.transaction.jta.platform' to enable JTA platform integration)
2025-11-15 11:33:31 [main] INFO  o.s.o.j.LocalContainerEntityManagerFactoryBean - Initialized JPA EntityManagerFactory for persistence unit 'default'
2025-11-15 11:33:31 [main] WARN  o.s.b.a.o.j.JpaBaseConfiguration$JpaWebConfiguration - spring.jpa.open-in-view is enabled by default. Therefore, database queries may be performed during view rendering. Explicitly configure spring.jpa.open-in-view to disable this warning
2025-11-15 11:33:31 [main] INFO  c.t.tricol.TricolApplicationTests - Started TricolApplicationTests in 4.666 seconds (process running for 5.397)
2025-11-15 11:33:32 [SpringApplicationShutdownHook] INFO  o.s.o.j.LocalContainerEntityManagerFactoryBean - Closing JPA EntityManagerFactory for persistence unit 'default'
2025-11-15 11:33:32 [SpringApplicationShutdownHook] INFO  com.zaxxer.hikari.HikariDataSource - HikariPool-1 - Shutdown initiated...
2025-11-15 11:33:32 [SpringApplicationShutdownHook] INFO  com.zaxxer.hikari.HikariDataSource - HikariPool-1 - Shutdown completed.
