2025-11-12 09:06:20 [http-nio-1111-exec-10] INFO  o.s.api.AbstractOpenApiResource - Init duration for springdoc-openapi is: 323 ms
2025-11-12 10:00:48 [SpringApplicationShutdownHook] INFO  o.s.b.w.e.tomcat.GracefulShutdown - Commencing graceful shutdown. Waiting for active requests to complete
2025-11-12 10:00:48 [tomcat-shutdown] INFO  o.s.b.w.e.tomcat.GracefulShutdown - Graceful shutdown complete
2025-11-12 10:00:48 [SpringApplicationShutdownHook] INFO  o.s.o.j.LocalContainerEntityManagerFactoryBean - Closing JPA EntityManagerFactory for persistence unit 'default'
2025-11-12 10:00:48 [SpringApplicationShutdownHook] INFO  com.zaxxer.hikari.HikariDataSource - HikariPool-1 - Shutdown initiated...
2025-11-12 10:00:48 [SpringApplicationShutdownHook] INFO  com.zaxxer.hikari.HikariDataSource - HikariPool-1 - Shutdown completed.
2025-11-12 10:00:57 [background-preinit] INFO  o.h.validator.internal.util.Version - HV000001: Hibernate Validator 8.0.3.Final
2025-11-12 10:00:57 [restartedMain] INFO  com.tricol.tricol.TricolApplication - Starting TricolApplication using Java 21.0.9 with PID 239829 (/home/hamza/Downloads/tricol/target/classes started by hamza in /home/hamza/Downloads/tricol)
2025-11-12 10:00:57 [restartedMain] DEBUG com.tricol.tricol.TricolApplication - Running with Spring Boot v3.5.7, Spring v6.2.12
2025-11-12 10:00:57 [restartedMain] INFO  com.tricol.tricol.TricolApplication - No active profile set, falling back to 1 default profile: "default"
2025-11-12 10:00:57 [restartedMain] INFO  o.s.b.d.e.DevToolsPropertyDefaultsPostProcessor - Devtools property defaults active! Set 'spring.devtools.add-properties' to 'false' to disable
2025-11-12 10:00:57 [restartedMain] INFO  o.s.b.d.e.DevToolsPropertyDefaultsPostProcessor - For additional web related logging consider setting the 'logging.level.web' property to 'DEBUG'
2025-11-12 10:00:58 [restartedMain] INFO  o.s.d.r.c.RepositoryConfigurationDelegate - Bootstrapping Spring Data JPA repositories in DEFAULT mode.
2025-11-12 10:00:58 [restartedMain] INFO  o.s.d.r.c.RepositoryConfigurationDelegate - Finished Spring Data repository scanning in 59 ms. Found 5 JPA repository interfaces.
2025-11-12 10:00:58 [restartedMain] INFO  o.s.b.w.e.tomcat.TomcatWebServer - Tomcat initialized with port 1111 (http)
2025-11-12 10:00:58 [restartedMain] INFO  o.a.coyote.http11.Http11NioProtocol - Initializing ProtocolHandler ["http-nio-1111"]
2025-11-12 10:00:58 [restartedMain] INFO  o.a.catalina.core.StandardService - Starting service [Tomcat]
2025-11-12 10:00:58 [restartedMain] INFO  o.a.catalina.core.StandardEngine - Starting Servlet engine: [Apache Tomcat/10.1.48]
2025-11-12 10:00:58 [restartedMain] INFO  o.a.c.c.C.[Tomcat].[localhost].[/] - Initializing Spring embedded WebApplicationContext
2025-11-12 10:00:58 [restartedMain] INFO  o.s.b.w.s.c.ServletWebServerApplicationContext - Root WebApplicationContext: initialization completed in 1121 ms
2025-11-12 10:00:58 [restartedMain] INFO  com.zaxxer.hikari.HikariDataSource - HikariPool-1 - Starting...
2025-11-12 10:00:59 [restartedMain] INFO  com.zaxxer.hikari.pool.HikariPool - HikariPool-1 - Added connection org.postgresql.jdbc.PgConnection@3989b013
2025-11-12 10:00:59 [restartedMain] INFO  com.zaxxer.hikari.HikariDataSource - HikariPool-1 - Start completed.
2025-11-12 10:00:59 [restartedMain] INFO  liquibase.database - Set default schema name to public
2025-11-12 10:00:59 [restartedMain] INFO  liquibase.changelog - Reading from public.databasechangelog
2025-11-12 10:00:59 [restartedMain] INFO  liquibase.ui - Database is up to date, no changesets to execute
2025-11-12 10:00:59 [restartedMain] INFO  liquibase.changelog - Reading from public.databasechangelog
2025-11-12 10:00:59 [restartedMain] INFO  liquibase.util - UPDATE SUMMARY
2025-11-12 10:00:59 [restartedMain] INFO  liquibase.util - Run:                          0
2025-11-12 10:00:59 [restartedMain] INFO  liquibase.util - Previously run:               1
2025-11-12 10:00:59 [restartedMain] INFO  liquibase.util - Filtered out:                 0
2025-11-12 10:00:59 [restartedMain] INFO  liquibase.util - -------------------------------
2025-11-12 10:00:59 [restartedMain] INFO  liquibase.util - Total change sets:            1
2025-11-12 10:00:59 [restartedMain] INFO  liquibase.util - Update summary generated
2025-11-12 10:00:59 [restartedMain] INFO  liquibase.command - Command execution complete
2025-11-12 10:01:00 [restartedMain] INFO  o.h.jpa.internal.util.LogHelper - HHH000204: Processing PersistenceUnitInfo [name: default]
2025-11-12 10:01:00 [restartedMain] INFO  org.hibernate.Version - HHH000412: Hibernate ORM core version 6.6.33.Final
2025-11-12 10:01:00 [restartedMain] INFO  o.h.c.i.RegionFactoryInitiator - HHH000026: Second-level cache disabled
2025-11-12 10:01:00 [restartedMain] INFO  o.s.o.j.p.SpringPersistenceUnitInfo - No LoadTimeWeaver setup: ignoring JPA class transformer
2025-11-12 10:01:00 [restartedMain] WARN  org.hibernate.orm.deprecation - HHH90000025: PostgreSQLDialect does not need to be specified explicitly using 'hibernate.dialect' (remove the property setting and it will be selected by default)
2025-11-12 10:01:00 [restartedMain] INFO  o.hibernate.orm.connections.pooling - HHH10001005: Database info:
	Database JDBC URL [Connecting through datasource 'HikariDataSource (HikariPool-1)']
	Database driver: undefined/unknown
	Database version: 17.6
	Autocommit mode: undefined/unknown
	Isolation level: undefined/unknown
	Minimum pool size: undefined/unknown
	Maximum pool size: undefined/unknown
2025-11-12 10:01:01 [restartedMain] INFO  o.h.e.t.j.p.i.JtaPlatformInitiator - HHH000489: No JTA platform available (set 'hibernate.transaction.jta.platform' to enable JTA platform integration)
2025-11-12 10:01:01 [restartedMain] INFO  o.s.o.j.LocalContainerEntityManagerFactoryBean - Initialized JPA EntityManagerFactory for persistence unit 'default'
2025-11-12 10:01:01 [restartedMain] WARN  o.s.b.a.o.j.JpaBaseConfiguration$JpaWebConfiguration - spring.jpa.open-in-view is enabled by default. Therefore, database queries may be performed during view rendering. Explicitly configure spring.jpa.open-in-view to disable this warning
2025-11-12 10:01:02 [restartedMain] INFO  o.s.b.d.a.OptionalLiveReloadServer - LiveReload server is running on port 35729
2025-11-12 10:01:02 [restartedMain] INFO  o.a.coyote.http11.Http11NioProtocol - Starting ProtocolHandler ["http-nio-1111"]
2025-11-12 10:01:02 [restartedMain] INFO  o.s.b.w.e.tomcat.TomcatWebServer - Tomcat started on port 1111 (http) with context path '/'
2025-11-12 10:01:02 [restartedMain] INFO  com.tricol.tricol.TricolApplication - Started TricolApplication in 5.445 seconds (process running for 5.737)
2025-11-12 10:05:36 [http-nio-1111-exec-1] INFO  o.a.c.c.C.[Tomcat].[localhost].[/] - Initializing Spring DispatcherServlet 'dispatcherServlet'
2025-11-12 10:05:36 [http-nio-1111-exec-1] INFO  o.s.web.servlet.DispatcherServlet - Initializing Servlet 'dispatcherServlet'
2025-11-12 10:05:36 [http-nio-1111-exec-1] INFO  o.s.web.servlet.DispatcherServlet - Completed initialization in 2 ms
2025-11-12 10:05:36 [http-nio-1111-exec-1] WARN  o.s.w.s.m.m.a.ExceptionHandlerExceptionResolver - Resolved [org.springframework.data.mapping.PropertyReferenceException: No property '["string"]' found for type 'Produit']
2025-11-12 10:05:46 [http-nio-1111-exec-2] WARN  o.s.d.w.c.SpringDataJacksonConfiguration$PageModule$WarningLoggingModifier - Serializing PageImpl instances as-is is not supported, meaning that there is no guarantee about the stability of the resulting JSON structure!
	For a stable JSON structure, please use Spring Data's PagedModel (globally via @EnableSpringDataWebSupport(pageSerializationMode = VIA_DTO))
	or Spring HATEOAS and Spring Data's PagedResourcesAssembler as documented in https://docs.spring.io/spring-data/commons/reference/repositories/core-extensions.html#core.web.pageables.

2025-11-12 10:12:47 [http-nio-1111-exec-3] WARN  o.h.e.jdbc.spi.SqlExceptionHelper - SQL Error: 0, SQLState: 23503
2025-11-12 10:12:47 [http-nio-1111-exec-3] ERROR o.h.e.jdbc.spi.SqlExceptionHelper - ERROR: update or delete on table "produit" violates foreign key constraint "fkhp4pp75emrkv8kfqq1hn2rk7s" on table "commande_produit"
  Detail: Key (id)=(2) is still referenced from table "commande_produit".
2025-11-12 10:12:47 [http-nio-1111-exec-3] WARN  o.s.w.s.m.m.a.ExceptionHandlerExceptionResolver - Resolved [org.springframework.dao.DataIntegrityViolationException: could not execute statement [ERROR: update or delete on table "produit" violates foreign key constraint "fkhp4pp75emrkv8kfqq1hn2rk7s" on table "commande_produit"<EOL>  Detail: Key (id)=(2) is still referenced from table "commande_produit".] [delete from produit where id=?]; SQL [delete from produit where id=?]; constraint [fkhp4pp75emrkv8kfqq1hn2rk7s]]
2025-11-12 10:21:10 [http-nio-1111-exec-8] WARN  o.s.w.s.m.m.a.ExceptionHandlerExceptionResolver - Resolved [org.springframework.data.mapping.PropertyReferenceException: No property '["string"]' found for type 'Fournisseur']
2025-11-12 10:23:35 [http-nio-1111-exec-3] WARN  o.s.w.s.m.m.a.ExceptionHandlerExceptionResolver - Resolved [org.springframework.data.mapping.PropertyReferenceException: No property '["string"]' found for type 'MouvementStock']
2025-11-12 16:25:29 [http-nio-1111-exec-1] INFO  o.s.api.AbstractOpenApiResource - Init duration for springdoc-openapi is: 581 ms
2025-11-12 19:38:44 [SpringApplicationShutdownHook] INFO  o.s.b.w.e.tomcat.GracefulShutdown - Commencing graceful shutdown. Waiting for active requests to complete
2025-11-12 19:38:44 [tomcat-shutdown] INFO  o.s.b.w.e.tomcat.GracefulShutdown - Graceful shutdown complete
2025-11-12 19:38:44 [SpringApplicationShutdownHook] INFO  o.s.o.j.LocalContainerEntityManagerFactoryBean - Closing JPA EntityManagerFactory for persistence unit 'default'
2025-11-12 19:38:44 [SpringApplicationShutdownHook] INFO  com.zaxxer.hikari.HikariDataSource - HikariPool-1 - Shutdown initiated...
2025-11-12 19:38:44 [SpringApplicationShutdownHook] INFO  com.zaxxer.hikari.HikariDataSource - HikariPool-1 - Shutdown completed.
2025-11-12 19:39:05 [background-preinit] INFO  o.h.validator.internal.util.Version - HV000001: Hibernate Validator 8.0.3.Final
2025-11-12 19:39:05 [restartedMain] INFO  com.tricol.tricol.TricolApplication - Starting TricolApplication using Java 21.0.9 with PID 266526 (/home/hamza/Downloads/tricol/target/classes started by hamza in /home/hamza/Downloads/tricol)
2025-11-12 19:39:05 [restartedMain] DEBUG com.tricol.tricol.TricolApplication - Running with Spring Boot v3.5.7, Spring v6.2.12
2025-11-12 19:39:05 [restartedMain] INFO  com.tricol.tricol.TricolApplication - No active profile set, falling back to 1 default profile: "default"
2025-11-12 19:39:05 [restartedMain] INFO  o.s.b.d.e.DevToolsPropertyDefaultsPostProcessor - Devtools property defaults active! Set 'spring.devtools.add-properties' to 'false' to disable
2025-11-12 19:39:05 [restartedMain] INFO  o.s.b.d.e.DevToolsPropertyDefaultsPostProcessor - For additional web related logging consider setting the 'logging.level.web' property to 'DEBUG'
2025-11-12 19:39:06 [restartedMain] INFO  o.s.d.r.c.RepositoryConfigurationDelegate - Bootstrapping Spring Data JPA repositories in DEFAULT mode.
2025-11-12 19:39:06 [restartedMain] INFO  o.s.d.r.c.RepositoryConfigurationDelegate - Finished Spring Data repository scanning in 55 ms. Found 5 JPA repository interfaces.
2025-11-12 19:39:07 [restartedMain] INFO  o.s.b.w.e.tomcat.TomcatWebServer - Tomcat initialized with port 1111 (http)
2025-11-12 19:39:07 [restartedMain] INFO  o.a.coyote.http11.Http11NioProtocol - Initializing ProtocolHandler ["http-nio-1111"]
2025-11-12 19:39:07 [restartedMain] INFO  o.a.catalina.core.StandardService - Starting service [Tomcat]
2025-11-12 19:39:07 [restartedMain] INFO  o.a.catalina.core.StandardEngine - Starting Servlet engine: [Apache Tomcat/10.1.48]
2025-11-12 19:39:07 [restartedMain] INFO  o.a.c.c.C.[Tomcat].[localhost].[/] - Initializing Spring embedded WebApplicationContext
2025-11-12 19:39:07 [restartedMain] INFO  o.s.b.w.s.c.ServletWebServerApplicationContext - Root WebApplicationContext: initialization completed in 1237 ms
2025-11-12 19:39:07 [restartedMain] INFO  com.zaxxer.hikari.HikariDataSource - HikariPool-1 - Starting...
2025-11-12 19:39:07 [restartedMain] INFO  com.zaxxer.hikari.pool.HikariPool - HikariPool-1 - Added connection org.postgresql.jdbc.PgConnection@418bba68
2025-11-12 19:39:07 [restartedMain] INFO  com.zaxxer.hikari.HikariDataSource - HikariPool-1 - Start completed.
2025-11-12 19:39:07 [restartedMain] INFO  liquibase.database - Set default schema name to public
2025-11-12 19:39:07 [restartedMain] INFO  liquibase.changelog - Reading from public.databasechangelog
2025-11-12 19:39:08 [restartedMain] INFO  liquibase.ui - Database is up to date, no changesets to execute
2025-11-12 19:39:08 [restartedMain] INFO  liquibase.changelog - Reading from public.databasechangelog
2025-11-12 19:39:08 [restartedMain] INFO  liquibase.util - UPDATE SUMMARY
2025-11-12 19:39:08 [restartedMain] INFO  liquibase.util - Run:                          0
2025-11-12 19:39:08 [restartedMain] INFO  liquibase.util - Previously run:               1
2025-11-12 19:39:08 [restartedMain] INFO  liquibase.util - Filtered out:                 0
2025-11-12 19:39:08 [restartedMain] INFO  liquibase.util - -------------------------------
2025-11-12 19:39:08 [restartedMain] INFO  liquibase.util - Total change sets:            1
2025-11-12 19:39:08 [restartedMain] INFO  liquibase.util - Update summary generated
2025-11-12 19:39:08 [restartedMain] INFO  liquibase.command - Command execution complete
2025-11-12 19:39:09 [restartedMain] INFO  o.h.jpa.internal.util.LogHelper - HHH000204: Processing PersistenceUnitInfo [name: default]
2025-11-12 19:39:09 [restartedMain] INFO  org.hibernate.Version - HHH000412: Hibernate ORM core version 6.6.33.Final
2025-11-12 19:39:09 [restartedMain] INFO  o.h.c.i.RegionFactoryInitiator - HHH000026: Second-level cache disabled
2025-11-12 19:39:09 [restartedMain] INFO  o.s.o.j.p.SpringPersistenceUnitInfo - No LoadTimeWeaver setup: ignoring JPA class transformer
2025-11-12 19:39:09 [restartedMain] WARN  org.hibernate.orm.deprecation - HHH90000025: PostgreSQLDialect does not need to be specified explicitly using 'hibernate.dialect' (remove the property setting and it will be selected by default)
2025-11-12 19:39:09 [restartedMain] INFO  o.hibernate.orm.connections.pooling - HHH10001005: Database info:
	Database JDBC URL [Connecting through datasource 'HikariDataSource (HikariPool-1)']
	Database driver: undefined/unknown
	Database version: 17.6
	Autocommit mode: undefined/unknown
	Isolation level: undefined/unknown
	Minimum pool size: undefined/unknown
	Maximum pool size: undefined/unknown
2025-11-12 19:39:10 [restartedMain] INFO  o.h.e.t.j.p.i.JtaPlatformInitiator - HHH000489: No JTA platform available (set 'hibernate.transaction.jta.platform' to enable JTA platform integration)
2025-11-12 19:39:10 [restartedMain] INFO  o.s.o.j.LocalContainerEntityManagerFactoryBean - Initialized JPA EntityManagerFactory for persistence unit 'default'
2025-11-12 19:39:10 [restartedMain] WARN  o.s.b.a.o.j.JpaBaseConfiguration$JpaWebConfiguration - spring.jpa.open-in-view is enabled by default. Therefore, database queries may be performed during view rendering. Explicitly configure spring.jpa.open-in-view to disable this warning
2025-11-12 19:39:10 [restartedMain] INFO  o.s.b.d.a.OptionalLiveReloadServer - LiveReload server is running on port 35729
2025-11-12 19:39:10 [restartedMain] INFO  o.a.coyote.http11.Http11NioProtocol - Starting ProtocolHandler ["http-nio-1111"]
2025-11-12 19:39:10 [restartedMain] INFO  o.s.b.w.e.tomcat.TomcatWebServer - Tomcat started on port 1111 (http) with context path '/'
2025-11-12 19:39:11 [restartedMain] INFO  com.tricol.tricol.TricolApplication - Started TricolApplication in 5.632 seconds (process running for 5.937)
2025-11-12 19:39:11 [http-nio-1111-exec-1] INFO  o.a.c.c.C.[Tomcat].[localhost].[/] - Initializing Spring DispatcherServlet 'dispatcherServlet'
2025-11-12 19:39:11 [http-nio-1111-exec-1] INFO  o.s.web.servlet.DispatcherServlet - Initializing Servlet 'dispatcherServlet'
2025-11-12 19:39:11 [http-nio-1111-exec-1] INFO  o.s.web.servlet.DispatcherServlet - Completed initialization in 1 ms
2025-11-12 19:39:12 [http-nio-1111-exec-3] INFO  o.s.api.AbstractOpenApiResource - Init duration for springdoc-openapi is: 432 ms
2025-11-12 19:39:21 [http-nio-1111-exec-4] WARN  o.s.w.s.m.m.a.ExceptionHandlerExceptionResolver - Resolved [org.springframework.data.mapping.PropertyReferenceException: No property '["string"]' found for type 'Fournisseur']
2025-11-12 19:39:32 [http-nio-1111-exec-5] WARN  o.s.d.w.c.SpringDataJacksonConfiguration$PageModule$WarningLoggingModifier - Serializing PageImpl instances as-is is not supported, meaning that there is no guarantee about the stability of the resulting JSON structure!
	For a stable JSON structure, please use Spring Data's PagedModel (globally via @EnableSpringDataWebSupport(pageSerializationMode = VIA_DTO))
	or Spring HATEOAS and Spring Data's PagedResourcesAssembler as documented in https://docs.spring.io/spring-data/commons/reference/repositories/core-extensions.html#core.web.pageables.

2025-11-12 19:39:39 [SpringApplicationShutdownHook] INFO  o.s.b.w.e.tomcat.GracefulShutdown - Commencing graceful shutdown. Waiting for active requests to complete
2025-11-12 19:39:39 [tomcat-shutdown] INFO  o.s.b.w.e.tomcat.GracefulShutdown - Graceful shutdown complete
2025-11-12 19:39:39 [SpringApplicationShutdownHook] INFO  o.s.o.j.LocalContainerEntityManagerFactoryBean - Closing JPA EntityManagerFactory for persistence unit 'default'
2025-11-12 19:39:39 [SpringApplicationShutdownHook] INFO  com.zaxxer.hikari.HikariDataSource - HikariPool-1 - Shutdown initiated...
2025-11-12 19:39:39 [SpringApplicationShutdownHook] INFO  com.zaxxer.hikari.HikariDataSource - HikariPool-1 - Shutdown completed.
